<?xml version="1.0" encoding="UTF-8"?>
<testsuite name="tests.RemoveContactTests" tests="1" skipped="0" failures="0" errors="0" timestamp="2022-02-21T07:39:37" hostname="DESKTOP-889P2QA" time="0.11">
  <properties/>
  <testcase name="removeOneContact" classname="tests.RemoveContactTests" time="0.11"/>
  <system-out><![CDATA[]]></system-out>
  <system-err><![CDATA[]]></system-err>
</testsuite>
